<?xml version="1.0" encoding="UTF-8"?>
<!-- Generated by org.testng.reporters.JUnitXMLReporter -->
<testsuite hostname="GopinathJayakumar" ignored="3" name="Test" tests="6" failures="1" timestamp="11 Mar 2018 00:43:38 GMT" time="40.646" errors="0">
  <testcase name="@AfterMethod afterMethod" time="0.0" classname="wdMethods.ProjectMethods">
    <failure type="java.lang.RuntimeException">
      <![CDATA[java.lang.RuntimeException
	at utils.Reporter.reportStep(Reporter.java:61)
	at wdMethods.SeMethods.closeAllBrowsers(SeMethods.java:385)
	at wdMethods.ProjectMethods.afterMethod(ProjectMethods.java:50)
	at java.util.concurrent.ThreadPoolExecutor.runWorker(Unknown Source)
	at java.util.concurrent.ThreadPoolExecutor$Worker.run(Unknown Source)
	at java.lang.Thread.run(Unknown Source)
... Removed 12 stack frames]]>
    </failure>
  </testcase> <!-- @AfterMethod afterMethod -->
  <testcase name="@BeforeMethod beforeMethod" time="0.0" classname="wdMethods.ProjectMethods">
    <skipped/>
  </testcase> <!-- @BeforeMethod beforeMethod -->
  <testcase name="@AfterMethod afterMethod" time="0.0" classname="wdMethods.ProjectMethods">
    <skipped/>
  </testcase> <!-- @AfterMethod afterMethod -->
  <testcase name="@BeforeMethod beforeMethod" time="0.0" classname="wdMethods.ProjectMethods">
    <skipped/>
  </testcase> <!-- @BeforeMethod beforeMethod -->
  <testcase name="@AfterMethod afterMethod" time="0.0" classname="wdMethods.ProjectMethods">
    <skipped/>
  </testcase> <!-- @AfterMethod afterMethod -->
  <testcase name="@BeforeMethod beforeMethod" time="0.0" classname="wdMethods.ProjectMethods">
    <skipped/>
  </testcase> <!-- @BeforeMethod beforeMethod -->
  <testcase name="@AfterMethod afterMethod" time="0.0" classname="wdMethods.ProjectMethods">
    <skipped/>
  </testcase> <!-- @AfterMethod afterMethod -->
  <testcase name="@AfterMethod afterMethod" time="0.0" classname="wdMethods.ProjectMethods">
    <skipped/>
  </testcase> <!-- @AfterMethod afterMethod -->
  <testcase name="@AfterTest afterTest" time="0.0" classname="wdMethods.ProjectMethods">
    <skipped/>
  </testcase> <!-- @AfterTest afterTest -->
  <testcase name="loginAndLogout" time="26.539" classname="testcases.TC001_LoginAndLogout">
    <failure type="java.lang.RuntimeException">
      <![CDATA[java.lang.RuntimeException
	at utils.Reporter.reportStep(Reporter.java:61)
	at utils.Reporter.reportStep(Reporter.java:71)
	at wdMethods.SeMethods.getText(SeMethods.java:159)
	at wdMethods.SeMethods.verifyPartialText(SeMethods.java:234)
	at pages.HomePage.verifyLoggedName(HomePage.java:30)
	at testcases.TC001_LoginAndLogout.loginAndLogout(TC001_LoginAndLogout.java:30)
	at java.util.concurrent.ThreadPoolExecutor.runWorker(Unknown Source)
	at java.util.concurrent.ThreadPoolExecutor$Worker.run(Unknown Source)
	at java.lang.Thread.run(Unknown Source)
... Removed 10 stack frames]]>
    </failure>
  </testcase> <!-- loginAndLogout -->
  <testcase name="loginAndLogout" time="26.428" classname="testcases.TC002_LoginForNegative"/>
  <testcase name="loginAndLogout" time="0.002" classname="testcases.TC002_LoginForNegative">
    <skipped/>
  </testcase> <!-- loginAndLogout -->
  <testcase name="loginAndLogout" time="0.001" classname="testcases.TC002_LoginForNegative">
    <skipped/>
  </testcase> <!-- loginAndLogout -->
  <testcase name="loginAndLogout" time="0.003" classname="testcases.TC002_LoginForNegative">
    <skipped/>
  </testcase> <!-- loginAndLogout -->
  <testcase name="loginAndLogout" time="0.002" classname="testcases.TC001_LoginAndLogout">
    <skipped/>
  </testcase> <!-- loginAndLogout -->
  <testcase name="@AfterTest afterTest" time="0.0" classname="wdMethods.ProjectMethods">
    <ignored/>
  </testcase> <!-- @AfterTest afterTest -->
  <testcase name="@BeforeSuite beforeSuite" time="0.0" classname="wdMethods.ProjectMethods">
    <ignored/>
  </testcase> <!-- @BeforeSuite beforeSuite -->
  <testcase name="@AfterSuite afterSuite" time="0.0" classname="wdMethods.ProjectMethods">
    <ignored/>
  </testcase> <!-- @AfterSuite afterSuite -->
</testsuite> <!-- Test -->
