<?xml version="1.0" encoding="UTF-8"?>
<!-- Generated by org.testng.reporters.JUnitXMLReporter -->
<testsuite hostname="dell-PC" ignored="0" name="Default test" tests="4" failures="0" timestamp="10 Mar 2018 11:12:57 GMT" time="66.188" errors="0">
  <testcase name="loginAndLogout" time="3.713" classname="testcases.TC002_LoginForNegative"/>
  <testcase name="loginAndLogout" time="3.131" classname="testcases.TC002_LoginForNegative"/>
  <testcase name="loginAndLogout" time="3.505" classname="testcases.TC002_LoginForNegative"/>
  <testcase name="loginAndLogout" time="3.548" classname="testcases.TC002_LoginForNegative"/>
</testsuite> <!-- Default test -->
