<?xml version="1.0" encoding="UTF-8"?>
<!-- Generated by org.testng.reporters.JUnitXMLReporter -->
<testsuite hostname="GopinathJayakumar" ignored="0" name="Default test" tests="3" failures="0" timestamp="17 Mar 2018 08:05:27 GMT" time="25.522" errors="0">
  <testcase name="createLeaf" time="2.863" classname="testcases.TC001_LoginLogOut"/>
  <testcase name="createLeaf" time="3.077" classname="testcases.TC001_LoginLogOut"/>
  <testcase name="createLeaf" time="3.393" classname="testcases.TC001_LoginLogOut"/>
</testsuite> <!-- Default test -->
