# JRE version: Java(TM) SE Runtime Environment (8.0_25-b18) (build 1.8.0_25-b18)
# Java VM: Java HotSpot(TM) 64-Bit Server VM (25.25-b02 mixed mode windows-amd64 compressed oops)
Heap:
 PSYoungGen      total 45056K, used 27317K [0x00000000eb200000, 0x00000000ee780000, 0x0000000100000000)
  eden space 37376K, 62% used [0x00000000eb200000,0x00000000ec8a4b70,0x00000000ed680000)
  from space 7680K, 53% used [0x00000000ee000000,0x00000000ee408b20,0x00000000ee780000)
  to   space 8704K, 0% used [0x00000000ed680000,0x00000000ed680000,0x00000000edf00000)
 ParOldGen       total 35328K, used 24661K [0x00000000c1600000, 0x00000000c3880000, 0x00000000eb200000)
  object space 35328K, 69% used [0x00000000c1600000,0x00000000c2e15540,0x00000000c3880000)
 Metaspace       used 24469K, capacity 25200K, committed 25472K, reserved 1071104K
  class space    used 2987K, capacity 3146K, committed 3200K, reserved 1048576K
GC Heap History (10 events):
Event: 60.122 GC heap before
{Heap before GC invocations=17 (full 1):
 PSYoungGen      total 39424K, used 34866K [0x00000000eb200000, 0x00000000eeb00000, 0x0000000100000000)
  eden space 30720K, 100% used [0x00000000eb200000,0x00000000ed000000,0x00000000ed000000)
  from space 8704K, 47% used [0x00000000ed000000,0x00000000ed40cb38,0x00000000ed880000)
  to   space 8192K, 0% used [0x00000000ee300000,0x00000000ee300000,0x00000000eeb00000)
 ParOldGen       total 35328K, used 19718K [0x00000000c1600000, 0x00000000c3880000, 0x00000000eb200000)
  object space 35328K, 55% used [0x00000000c1600000,0x00000000c29418a0,0x00000000c3880000)
 Metaspace       used 24169K, capacity 24902K, committed 25216K, reserved 1071104K
  class space    used 2982K, capacity 3139K, committed 3200K, reserved 1048576K
Event: 60.125 GC heap after
Heap after GC invocations=17 (full 1):
 PSYoungGen      total 49664K, used 808K [0x00000000eb200000, 0x00000000eec00000, 0x0000000100000000)
  eden space 41472K, 0% used [0x00000000eb200000,0x00000000eb200000,0x00000000eda80000)
  from space 8192K, 9% used [0x00000000ee300000,0x00000000ee3ca300,0x00000000eeb00000)
  to   space 8704K, 0% used [0x00000000eda80000,0x00000000eda80000,0x00000000ee300000)
 ParOldGen       total 35328K, used 23521K [0x00000000c1600000, 0x00000000c3880000, 0x00000000eb200000)
  object space 35328K, 66% used [0x00000000c1600000,0x00000000c2cf86a0,0x00000000c3880000)
 Metaspace       used 24169K, capacity 24902K, committed 25216K, reserved 1071104K
  class space    used 2982K, capacity 3139K, committed 3200K, reserved 1048576K
}
Event: 60.617 GC heap before
{Heap before GC invocations=18 (full 1):
 PSYoungGen      total 49664K, used 42280K [0x00000000eb200000, 0x00000000eec00000, 0x0000000100000000)
  eden space 41472K, 100% used [0x00000000eb200000,0x00000000eda80000,0x00000000eda80000)
  from space 8192K, 9% used [0x00000000ee300000,0x00000000ee3ca300,0x00000000eeb00000)
  to   space 8704K, 0% used [0x00000000eda80000,0x00000000eda80000,0x00000000ee300000)
 ParOldGen       total 35328K, used 23521K [0x00000000c1600000, 0x00000000c3880000, 0x00000000eb200000)
  object space 35328K, 66% used [0x00000000c1600000,0x00000000c2cf86a0,0x00000000c3880000)
 Metaspace       used 24188K, capacity 24902K, committed 25216K, reserved 1071104K
  class space    used 2983K, capacity 3139K, committed 3200K, reserved 1048576K
Event: 60.619 GC heap after
Heap after GC invocations=18 (full 1):
 PSYoungGen      total 40960K, used 320K [0x00000000eb200000, 0x00000000eea80000, 0x0000000100000000)
  eden space 40448K, 0% used [0x00000000eb200000,0x00000000eb200000,0x00000000ed980000)
  from space 512K, 62% used [0x00000000eda80000,0x00000000edad0000,0x00000000edb00000)
  to   space 8704K, 0% used [0x00000000ee200000,0x00000000ee200000,0x00000000eea80000)
 ParOldGen       total 35328K, used 24119K [0x00000000c1600000, 0x00000000c3880000, 0x00000000eb200000)
  object space 35328K, 68% used [0x00000000c1600000,0x00000000c2d8dfd8,0x00000000c3880000)
 Metaspace       used 24188K, capacity 24902K, committed 25216K, reserved 1071104K
  class space    used 2983K, capacity 3139K, committed 3200K, reserved 1048576K
}
Event: 61.234 GC heap before
{Heap before GC invocations=19 (full 1):
 PSYoungGen      total 40960K, used 40768K [0x00000000eb200000, 0x00000000eea80000, 0x0000000100000000)
  eden space 40448K, 100% used [0x00000000eb200000,0x00000000ed980000,0x00000000ed980000)
  from space 512K, 62% used [0x00000000eda80000,0x00000000edad0000,0x00000000edb00000)
  to   space 8704K, 0% used [0x00000000ee200000,0x00000000ee200000,0x00000000eea80000)
 ParOldGen       total 35328K, used 24119K [0x00000000c1600000, 0x00000000c3880000, 0x00000000eb200000)
  object space 35328K, 68% used [0x00000000c1600000,0x00000000c2d8dfd8,0x00000000c3880000)
 Metaspace       used 24211K, capacity 24966K, committed 25216K, reserved 1071104K
  class space    used 2983K, capacity 3139K, committed 3200K, reserved 1048576K
Event: 61.236 GC heap after
Heap after GC invocations=19 (full 1):
 PSYoungGen      total 47104K, used 470K [0x00000000eb200000, 0x00000000ee980000, 0x0000000100000000)
  eden space 39424K, 0% used [0x00000000eb200000,0x00000000eb200000,0x00000000ed880000)
  from space 7680K, 6% used [0x00000000ee200000,0x00000000ee275810,0x00000000ee980000)
  to   space 8704K, 0% used [0x00000000ed880000,0x00000000ed880000,0x00000000ee100000)
 ParOldGen       total 35328K, used 24318K [0x00000000c1600000, 0x00000000c3880000, 0x00000000eb200000)
  object space 35328K, 68% used [0x00000000c1600000,0x00000000c2dbf8d0,0x00000000c3880000)
 Metaspace       used 24211K, capacity 24966K, committed 25216K, reserved 1071104K
  class space    used 2983K, capacity 3139K, committed 3200K, reserved 1048576K
}
Event: 62.697 GC heap before
{Heap before GC invocations=20 (full 1):
 PSYoungGen      total 47104K, used 39894K [0x00000000eb200000, 0x00000000ee980000, 0x0000000100000000)
  eden space 39424K, 100% used [0x00000000eb200000,0x00000000ed880000,0x00000000ed880000)
  from space 7680K, 6% used [0x00000000ee200000,0x00000000ee275810,0x00000000ee980000)
  to   space 8704K, 0% used [0x00000000ed880000,0x00000000ed880000,0x00000000ee100000)
 ParOldGen       total 35328K, used 24318K [0x00000000c1600000, 0x00000000c3880000, 0x00000000eb200000)
  object space 35328K, 68% used [0x00000000c1600000,0x00000000c2dbf8d0,0x00000000c3880000)
 Metaspace       used 24262K, capacity 24978K, committed 25216K, reserved 1071104K
  class space    used 2984K, capacity 3141K, committed 3200K, reserved 1048576K
Event: 62.699 GC heap after
Heap after GC invocations=20 (full 1):
 PSYoungGen      total 38912K, used 421K [0x00000000eb200000, 0x00000000ee880000, 0x0000000100000000)
  eden space 38400K, 0% used [0x00000000eb200000,0x00000000eb200000,0x00000000ed780000)
  from space 512K, 82% used [0x00000000ed880000,0x00000000ed8e95f0,0x00000000ed900000)
  to   space 8704K, 0% used [0x00000000ee000000,0x00000000ee000000,0x00000000ee880000)
 ParOldGen       total 35328K, used 24653K [0x00000000c1600000, 0x00000000c3880000, 0x00000000eb200000)
  object space 35328K, 69% used [0x00000000c1600000,0x00000000c2e13540,0x00000000c3880000)
 Metaspace       used 24262K, capacity 24978K, committed 25216K, reserved 1071104K
  class space    used 2984K, capacity 3141K, committed 3200K, reserved 1048576K
}
Event: 67.272 GC heap before
{Heap before GC invocations=21 (full 1):
 PSYoungGen      total 38912K, used 38821K [0x00000000eb200000, 0x00000000ee880000, 0x0000000100000000)
  eden space 38400K, 100% used [0x00000000eb200000,0x00000000ed780000,0x00000000ed780000)
  from space 512K, 82% used [0x00000000ed880000,0x00000000ed8e95f0,0x00000000ed900000)
  to   space 8704K, 0% used [0x00000000ee000000,0x00000000ee000000,0x00000000ee880000)
 ParOldGen       total 35328K, used 24653K [0x00000000c1600000, 0x00000000c3880000, 0x00000000eb200000)
  object space 35328K, 69% used [0x00000000c1600000,0x00000000c2e13540,0x00000000c3880000)
 Metaspace       used 24448K, capacity 25194K, committed 25472K, reserved 1071104K
  class space    used 2986K, capacity 3145K, committed 3200K, reserved 1048576K
Event: 67.276 GC heap after
Heap after GC invocations=21 (full 1):
 PSYoungGen      total 45056K, used 4130K [0x00000000eb200000, 0x00000000ee780000, 0x0000000100000000)
  eden space 37376K, 0% used [0x00000000eb200000,0x00000000eb200000,0x00000000ed680000)
  from space 7680K, 53% used [0x00000000ee000000,0x00000000ee408b20,0x00000000ee780000)
  to   space 8704K, 0% used [0x00000000ed680000,0x00000000ed680000,0x00000000edf00000)
 ParOldGen       total 35328K, used 24661K [0x00000000c1600000, 0x00000000c3880000, 0x00000000eb200000)
  object space 35328K, 69% used [0x00000000c1600000,0x00000000c2e15540,0x00000000c3880000)
 Metaspace       used 24448K, capacity 25194K, committed 25472K, reserved 1071104K
  class space    used 2986K, capacity 3145K, committed 3200K, reserved 1048576K
}

