<?xml version="1.0" encoding="UTF-8"?>
<testng-results skipped="0" failed="0" ignored="0" total="11" passed="11">
  <reporter-output>
  </reporter-output>
  <suite name="Default suite" duration-ms="726" started-at="2020-08-10T09:06:18Z" finished-at="2020-08-10T09:06:19Z">
    <groups>
    </groups>
    <test name="Default test" duration-ms="726" started-at="2020-08-10T09:06:18Z" finished-at="2020-08-10T09:06:19Z">
      <class name="com.balaji.core.utils.UsingTestng2">
        <test-method status="PASS" signature="logintest(java.lang.String, java.lang.String)[pri:0, instance:com.balaji.core.utils.UsingTestng2@f6c48ac]" name="logintest" duration-ms="10" started-at="2020-08-10T09:06:19Z" data-provider="LoginDataProvider" finished-at="2020-08-10T09:06:19Z">
          <params>
            <param index="0">
              <value>
                <![CDATA[amaz]]>
              </value>
            </param>
            <param index="1">
              <value>
                <![CDATA[1]]>
              </value>
            </param>
          </params>
          <reporter-output>
          </reporter-output>
        </test-method> <!-- logintest -->
        <test-method status="PASS" signature="logintest(java.lang.String, java.lang.String)[pri:0, instance:com.balaji.core.utils.UsingTestng2@f6c48ac]" name="logintest" duration-ms="5" started-at="2020-08-10T09:06:19Z" data-provider="LoginDataProvider" finished-at="2020-08-10T09:06:19Z">
          <params>
            <param index="0">
              <value>
                <![CDATA[amaz]]>
              </value>
            </param>
            <param index="1">
              <value>
                <![CDATA[2]]>
              </value>
            </param>
          </params>
          <reporter-output>
          </reporter-output>
        </test-method> <!-- logintest -->
        <test-method status="PASS" signature="logintest(java.lang.String, java.lang.String)[pri:0, instance:com.balaji.core.utils.UsingTestng2@f6c48ac]" name="logintest" duration-ms="0" started-at="2020-08-10T09:06:19Z" data-provider="LoginDataProvider" finished-at="2020-08-10T09:06:19Z">
          <params>
            <param index="0">
              <value>
                <![CDATA[amaz]]>
              </value>
            </param>
            <param index="1">
              <value>
                <![CDATA[3]]>
              </value>
            </param>
          </params>
          <reporter-output>
          </reporter-output>
        </test-method> <!-- logintest -->
        <test-method status="PASS" signature="logintest(java.lang.String, java.lang.String)[pri:0, instance:com.balaji.core.utils.UsingTestng2@f6c48ac]" name="logintest" duration-ms="0" started-at="2020-08-10T09:06:19Z" data-provider="LoginDataProvider" finished-at="2020-08-10T09:06:19Z">
          <params>
            <param index="0">
              <value>
                <![CDATA[amaz]]>
              </value>
            </param>
            <param index="1">
              <value>
                <![CDATA[4]]>
              </value>
            </param>
          </params>
          <reporter-output>
          </reporter-output>
        </test-method> <!-- logintest -->
        <test-method status="PASS" signature="logintest(java.lang.String, java.lang.String)[pri:0, instance:com.balaji.core.utils.UsingTestng2@f6c48ac]" name="logintest" duration-ms="0" started-at="2020-08-10T09:06:19Z" data-provider="LoginDataProvider" finished-at="2020-08-10T09:06:19Z">
          <params>
            <param index="0">
              <value>
                <![CDATA[amaz]]>
              </value>
            </param>
            <param index="1">
              <value>
                <![CDATA[5]]>
              </value>
            </param>
          </params>
          <reporter-output>
          </reporter-output>
        </test-method> <!-- logintest -->
        <test-method status="PASS" signature="logintest(java.lang.String, java.lang.String)[pri:0, instance:com.balaji.core.utils.UsingTestng2@f6c48ac]" name="logintest" duration-ms="0" started-at="2020-08-10T09:06:19Z" data-provider="LoginDataProvider" finished-at="2020-08-10T09:06:19Z">
          <params>
            <param index="0">
              <value>
                <![CDATA[amaz]]>
              </value>
            </param>
            <param index="1">
              <value>
                <![CDATA[6]]>
              </value>
            </param>
          </params>
          <reporter-output>
          </reporter-output>
        </test-method> <!-- logintest -->
        <test-method status="PASS" signature="logintest(java.lang.String, java.lang.String)[pri:0, instance:com.balaji.core.utils.UsingTestng2@f6c48ac]" name="logintest" duration-ms="5" started-at="2020-08-10T09:06:19Z" data-provider="LoginDataProvider" finished-at="2020-08-10T09:06:19Z">
          <params>
            <param index="0">
              <value>
                <![CDATA[amaz]]>
              </value>
            </param>
            <param index="1">
              <value>
                <![CDATA[7]]>
              </value>
            </param>
          </params>
          <reporter-output>
          </reporter-output>
        </test-method> <!-- logintest -->
        <test-method status="PASS" signature="logintest(java.lang.String, java.lang.String)[pri:0, instance:com.balaji.core.utils.UsingTestng2@f6c48ac]" name="logintest" duration-ms="5" started-at="2020-08-10T09:06:19Z" data-provider="LoginDataProvider" finished-at="2020-08-10T09:06:19Z">
          <params>
            <param index="0">
              <value>
                <![CDATA[amaz]]>
              </value>
            </param>
            <param index="1">
              <value>
                <![CDATA[8]]>
              </value>
            </param>
          </params>
          <reporter-output>
          </reporter-output>
        </test-method> <!-- logintest -->
        <test-method status="PASS" signature="logintest(java.lang.String, java.lang.String)[pri:0, instance:com.balaji.core.utils.UsingTestng2@f6c48ac]" name="logintest" duration-ms="5" started-at="2020-08-10T09:06:19Z" data-provider="LoginDataProvider" finished-at="2020-08-10T09:06:19Z">
          <params>
            <param index="0">
              <value>
                <![CDATA[amaz]]>
              </value>
            </param>
            <param index="1">
              <value>
                <![CDATA[9]]>
              </value>
            </param>
          </params>
          <reporter-output>
          </reporter-output>
        </test-method> <!-- logintest -->
        <test-method status="PASS" signature="logintest(java.lang.String, java.lang.String)[pri:0, instance:com.balaji.core.utils.UsingTestng2@f6c48ac]" name="logintest" duration-ms="5" started-at="2020-08-10T09:06:19Z" data-provider="LoginDataProvider" finished-at="2020-08-10T09:06:19Z">
          <params>
            <param index="0">
              <value>
                <![CDATA[amaz]]>
              </value>
            </param>
            <param index="1">
              <value>
                <![CDATA[10]]>
              </value>
            </param>
          </params>
          <reporter-output>
          </reporter-output>
        </test-method> <!-- logintest -->
        <test-method status="PASS" signature="logintest(java.lang.String, java.lang.String)[pri:0, instance:com.balaji.core.utils.UsingTestng2@f6c48ac]" name="logintest" duration-ms="5" started-at="2020-08-10T09:06:19Z" data-provider="LoginDataProvider" finished-at="2020-08-10T09:06:19Z">
          <params>
            <param index="0">
              <value>
                <![CDATA[amaz]]>
              </value>
            </param>
            <param index="1">
              <value>
                <![CDATA[11]]>
              </value>
            </param>
          </params>
          <reporter-output>
          </reporter-output>
        </test-method> <!-- logintest -->
      </class> <!-- com.balaji.core.utils.UsingTestng2 -->
    </test> <!-- Default test -->
  </suite> <!-- Default suite -->
</testng-results>
