<?xml version="1.0" encoding="UTF-8"?>
<!-- Generated by org.testng.reporters.JUnitXMLReporter -->
<testsuite hostname="DELL-PC" ignored="0" name="Test" tests="10" failures="2" timestamp="13 Aug 2020 06:14:56 GMT" time="0.12" errors="0">
  <testcase name="testcase1" time="0.015" classname="com.balaji.core.utils.TestCase2">
    <skipped/>
  </testcase> <!-- testcase1 -->
  <testcase name="testcase1" time="0.005" classname="com.balaji.core.utils.TestCase2">
    <skipped/>
  </testcase> <!-- testcase1 -->
  <testcase name="testcase1" time="0.005" classname="com.balaji.core.utils.TestCase2">
    <skipped/>
  </testcase> <!-- testcase1 -->
  <testcase name="testcase1" time="0.005" classname="com.balaji.core.utils.TestCase2">
    <skipped/>
  </testcase> <!-- testcase1 -->
  <testcase name="testcase1" time="0.0" classname="com.balaji.core.utils.TestCase2">
    <failure type="java.lang.AssertionError" message="expected [false] but found [true]">
      <![CDATA[java.lang.AssertionError: expected [false] but found [true]
at com.balaji.core.utils.TestCase2.testcase1(TestCase2.java:11)
... Removed 31 stack frames]]>
    </failure>
  </testcase> <!-- testcase1 -->
  <testcase name="testcase2" time="0.005" classname="com.balaji.core.utils.TestCase2">
    <skipped/>
  </testcase> <!-- testcase2 -->
  <testcase name="testcase2" time="0.0" classname="com.balaji.core.utils.TestCase2">
    <skipped/>
  </testcase> <!-- testcase2 -->
  <testcase name="testcase2" time="0.0" classname="com.balaji.core.utils.TestCase2">
    <skipped/>
  </testcase> <!-- testcase2 -->
  <testcase name="testcase2" time="0.005" classname="com.balaji.core.utils.TestCase2">
    <skipped/>
  </testcase> <!-- testcase2 -->
  <testcase name="testcase2" time="0.005" classname="com.balaji.core.utils.TestCase2">
    <failure type="java.lang.AssertionError" message="expected [false] but found [true]">
      <![CDATA[java.lang.AssertionError: expected [false] but found [true]
at com.balaji.core.utils.TestCase2.testcase2(TestCase2.java:18)
... Removed 31 stack frames]]>
    </failure>
  </testcase> <!-- testcase2 -->
</testsuite> <!-- Test -->
