<?xml version="1.0" encoding="UTF-8"?>
<!-- Generated by org.testng.reporters.JUnitXMLReporter -->
<testsuite hostname="DELL-PC" ignored="2" name="Test" tests="3" failures="0" timestamp="06 Aug 2020 16:51:54 GMT" time="62.938" errors="0">
  <testcase name="pageLaunch2" time="7.968" classname="com.balaji.core.utils.UsingTestng"/>
  <testcase name="pageLaunch" time="25.872" classname="com.balaji.core.utils.UsingTestng"/>
  <testcase name="pageLaunch5" time="22.295" classname="com.balaji.core.utils.UsingTestng"/>
  <testcase name="pageLaunch1" time="0.0" classname="com.balaji.core.utils.UsingTestng">
    <ignored/>
  </testcase> <!-- pageLaunch1 -->
  <testcase name="pageLaunch3" time="0.0" classname="com.balaji.core.utils.UsingTestng">
    <ignored/>
  </testcase> <!-- pageLaunch3 -->
</testsuite> <!-- Test -->
