<?xml version="1.0" encoding="UTF-8"?>
<testsuite xmlns:xsi="http://www.w3.org/2001/XMLSchema-instance" xsi:schemaLocation="https://maven.apache.org/surefire/maven-surefire-plugin/xsd/surefire-test-report.xsd" name="TestSuite" time="19.619" tests="2" errors="0" skipped="0" failures="2">
  <properties>
[...]
</properties>
  <testcase name="logInLogOut" classname="testcases.TC001_LogInLogOut" time="0.548">
    <failure message="FAILED" type="java.lang.RuntimeException">java.lang.RuntimeException: FAILED
	at testcases.TC001_LogInLogOut.logInLogOut(TC001_LogInLogOut.java:23)
</failure>
    <system-err><![CDATA[Starting ChromeDriver 2.33.506120 (e3e53437346286c0bc2d2dc9aa4915ba81d9023f) on port 40592
Only local connections are allowed.
Dec 14, 2017 11:40:38 AM org.openqa.selenium.remote.ProtocolHandshake createSession
INFO: Detected dialect: OSS
]]></system-err>
  </testcase>
  <testcase name="logInLogOut" classname="testcases.TC001_LogInLogOut" time="0.47">
    <failure message="FAILED" type="java.lang.RuntimeException">java.lang.RuntimeException: FAILED
	at testcases.TC001_LogInLogOut.logInLogOut(TC001_LogInLogOut.java:23)
</failure>
    <system-out><![CDATA[The browser has been closed.
]]></system-out>
    <system-err><![CDATA[Starting ChromeDriver 2.33.506120 (e3e53437346286c0bc2d2dc9aa4915ba81d9023f) on port 11122
Only local connections are allowed.
Dec 14, 2017 11:40:47 AM org.openqa.selenium.remote.ProtocolHandshake createSession
INFO: Detected dialect: OSS
]]></system-err>
  </testcase>
</testsuite>