<?xml version="1.0" encoding="UTF-8"?>
<!-- Generated by org.testng.reporters.JUnitXMLReporter -->
<testsuite hostname="DELL-PC" ignored="0" name="Default test" tests="11" failures="0" timestamp="10 Aug 2020 09:06:19 GMT" time="0.726" errors="0">
  <testcase name="logintest" time="0.01" classname="com.balaji.core.utils.UsingTestng2"/>
  <testcase name="logintest" time="0.005" classname="com.balaji.core.utils.UsingTestng2"/>
  <testcase name="logintest" time="0.0" classname="com.balaji.core.utils.UsingTestng2"/>
  <testcase name="logintest" time="0.0" classname="com.balaji.core.utils.UsingTestng2"/>
  <testcase name="logintest" time="0.0" classname="com.balaji.core.utils.UsingTestng2"/>
  <testcase name="logintest" time="0.0" classname="com.balaji.core.utils.UsingTestng2"/>
  <testcase name="logintest" time="0.005" classname="com.balaji.core.utils.UsingTestng2"/>
  <testcase name="logintest" time="0.005" classname="com.balaji.core.utils.UsingTestng2"/>
  <testcase name="logintest" time="0.005" classname="com.balaji.core.utils.UsingTestng2"/>
  <testcase name="logintest" time="0.005" classname="com.balaji.core.utils.UsingTestng2"/>
  <testcase name="logintest" time="0.005" classname="com.balaji.core.utils.UsingTestng2"/>
</testsuite> <!-- Default test -->
